<?xml version="1.0" encoding="UTF-8"?>
<!-- Generated by org.testng.reporters.JUnitXMLReporter -->
<testsuite ignored="0" hostname="L-INE-B4TSYZ2" failures="1" tests="2" name="Surefire test" time="11.588" errors="0" timestamp="2024-08-02T15:36:50 IST">
  <testcase classname="com.herokuapp.theinternet.NegativeTests" name="loginTest" time="6.312">
    <failure type="java.lang.AssertionError" message="Actual page url is not the same as expected expected [https://the-internet.herokuapp.com/secure] but found [https://the-internet.herokuapp.com/login]">
      <![CDATA[java.lang.AssertionError: Actual page url is not the same as expected expected [https://the-internet.herokuapp.com/secure] but found [https://the-internet.herokuapp.com/login]
at com.herokuapp.theinternet.NegativeTests.loginTest(NegativeTests.java:52)
at java.base/java.util.ArrayList.forEach(ArrayList.java:1597)
... Removed 35 stack frames]]>
    </failure>
  </testcase> <!-- loginTest -->
  <testcase classname="com.herokuapp.theinternet.PositiveTests" name="loginTest" time="5.235"/>
</testsuite> <!-- Surefire test -->
