<?xml version="1.0" encoding="UTF-8"?>
<!-- Generated by org.testng.reporters.JUnitXMLReporter -->
<testsuite ignored="1" hostname="L-INE-B4TSYZ2" failures="0" tests="1" name="Default test" time="5.64" errors="0" timestamp="2024-08-02T15:50:49 IST">
  <testcase classname="com.herokuapp.theinternet.NegativeTests" name="incorrectPasswordTest" time="5.591"/>
  <testcase classname="com.herokuapp.theinternet.NegativeTests" name="incorrectUsernameTest" time="0.0">
    <ignored/>
  </testcase> <!-- incorrectUsernameTest -->
</testsuite> <!-- Default test -->
