<?xml version="1.0" encoding="UTF-8"?>
<!-- Generated by org.testng.reporters.JUnitXMLReporter -->
<testsuite ignored="0" hostname="L-INE-B4TSYZ2" failures="0" tests="2" name="NegativeUsernameTests" time="23.558" errors="0" timestamp="2024-08-04T01:11:14 IST">
  <testcase classname="com.herokuapp.theinternet.NegativeTests" name="incorrectUsernameTest" time="9.732"/>
  <testcase classname="com.herokuapp.theinternet.NegativeTests" name="incorrectPasswordTest" time="13.76"/>
</testsuite> <!-- NegativeUsernameTests -->
