<?xml version="1.0" encoding="UTF-8"?>
<testng-results ignored="0" total="1" passed="1" failed="0" skipped="0">
  <reporter-output>
  </reporter-output>
  <suite started-at="2024-08-02T15:50:44 IST" name="Default suite" finished-at="2024-08-02T15:50:49 IST" duration-ms="5640">
    <groups>
    </groups>
    <test started-at="2024-08-02T15:50:44 IST" name="Default test" finished-at="2024-08-02T15:50:49 IST" duration-ms="5640">
      <class name="com.herokuapp.theinternet.NegativeTests">
        <test-method signature="incorrectPasswordTest()[pri:0, instance:com.herokuapp.theinternet.NegativeTests@4c583ecf]" started-at="2024-08-02T15:50:44 IST" name="incorrectPasswordTest" finished-at="2024-08-02T15:50:49 IST" duration-ms="5591" status="PASS">
          <reporter-output>
          </reporter-output>
        </test-method> <!-- incorrectPasswordTest -->
      </class> <!-- com.herokuapp.theinternet.NegativeTests -->
    </test> <!-- Default test -->
  </suite> <!-- Default suite -->
</testng-results>
