<?xml version="1.0" encoding="UTF-8"?>
<testng-results ignored="0" total="3" passed="3" failed="0" skipped="0">
  <reporter-output>
  </reporter-output>
  <suite started-at="2024-08-02T16:45:11 IST" name="AllTests" finished-at="2024-08-02T16:45:29 IST" duration-ms="18610">
    <groups>
    </groups>
    <test started-at="2024-08-02T16:45:11 IST" name="PositiveTests" finished-at="2024-08-02T16:45:18 IST" duration-ms="7255">
      <class name="com.herokuapp.theinternet.PositiveTests">
        <test-method signature="loginTest()[pri:0, instance:com.herokuapp.theinternet.PositiveTests@128d2484]" started-at="2024-08-02T16:45:11 IST" name="loginTest" finished-at="2024-08-02T16:45:18 IST" duration-ms="7205" status="PASS">
          <reporter-output>
          </reporter-output>
        </test-method> <!-- loginTest -->
      </class> <!-- com.herokuapp.theinternet.PositiveTests -->
    </test> <!-- PositiveTests -->
    <test started-at="2024-08-02T16:45:18 IST" name="NegativeTests" finished-at="2024-08-02T16:45:29 IST" duration-ms="11232">
      <class name="com.herokuapp.theinternet.NegativeTests">
        <test-method signature="incorrectPasswordTest()[pri:0, instance:com.herokuapp.theinternet.NegativeTests@1fa121e2]" started-at="2024-08-02T16:45:18 IST" name="incorrectPasswordTest" finished-at="2024-08-02T16:45:24 IST" duration-ms="5561" status="PASS">
          <reporter-output>
          </reporter-output>
        </test-method> <!-- incorrectPasswordTest -->
        <test-method signature="incorrectUsernameTest()[pri:0, instance:com.herokuapp.theinternet.NegativeTests@1fa121e2]" started-at="2024-08-02T16:45:24 IST" name="incorrectUsernameTest" finished-at="2024-08-02T16:45:29 IST" duration-ms="5660" status="PASS">
          <reporter-output>
          </reporter-output>
        </test-method> <!-- incorrectUsernameTest -->
      </class> <!-- com.herokuapp.theinternet.NegativeTests -->
    </test> <!-- NegativeTests -->
  </suite> <!-- AllTests -->
</testng-results>
