<?xml version="1.0" encoding="UTF-8"?>
<!-- Generated by org.testng.reporters.JUnitXMLReporter -->
<testsuite ignored="0" hostname="L-INE-B4TSYZ2" failures="0" tests="2" name="NegativeTests" time="11.232" errors="0" timestamp="2024-08-02T16:45:29 IST">
  <testcase classname="com.herokuapp.theinternet.NegativeTests" name="incorrectPasswordTest" time="5.561"/>
  <testcase classname="com.herokuapp.theinternet.NegativeTests" name="incorrectUsernameTest" time="5.66"/>
</testsuite> <!-- NegativeTests -->
